<?xml version="1.0" encoding="UTF-8"?>
<!-- Generated by org.testng.reporters.JUnitReportReporter -->
<testsuite hostname="DDC4-L-HT1CFW2" failures="0" tests="1" name="qaclickacademy.AppiumTest" time="0.000" errors="0" timestamp="2022-04-02T01:28:06 IST" skipped="0">
  <testcase classname="qaclickacademy.AppiumTest" name="appium" time="0.000"/>
  <system-out/>
</testsuite> <!-- qaclickacademy.AppiumTest -->
