<?xml version="1.0" encoding="UTF-8"?>
<!-- Generated by org.testng.reporters.JUnitReportReporter -->
<testsuite skipped="0" hostname="DDC4-L-HT1CFW2" name="qaclickacademy.AppiumTest" tests="1" failures="0" timestamp="2022-04-26T03:22:03 IST" time="0.007" errors="0">
  <testcase name="appium" time="0.007" classname="qaclickacademy.AppiumTest"/>
  <system-out/>
</testsuite> <!-- qaclickacademy.AppiumTest -->
