<?xml version="1.0" encoding="UTF-8"?>
<!-- Generated by org.testng.reporters.JUnitReportReporter -->
<testsuite skipped="0" hostname="DDC4-L-HT1CFW2" name="qaclickacademy.SeleniumTest" tests="2" failures="0" timestamp="2022-04-26T03:22:03 IST" time="0.008" errors="0">
  <testcase name="SelenoumTest" time="0.008" classname="qaclickacademy.SeleniumTest"/>
  <system-out/>
  <testcase name="elementsui" time="0.000" classname="qaclickacademy.SeleniumTest"/>
  <system-out/>
</testsuite> <!-- qaclickacademy.SeleniumTest -->
